<?xml version="1.0" encoding="UTF-8"?>
<!-- Generated by org.testng.reporters.JUnitXMLReporter -->
<testsuite hostname="Aspire1484" ignored="6" name="Default test" tests="1" failures="0" timestamp="05 Mar 2018 07:12:18 GMT" time="0.024" errors="0">
  <testcase name="testPrint" time="0.007" classname="com.qa.test.testConcepts"/>
  <testcase name="ReverseStringSwap" time="0.0" classname="com.qa.test.testConcepts">
    <ignored/>
  </testcase> <!-- ReverseStringSwap -->
  <testcase name="SeparateZerosFromNonZeros" time="0.0" classname="com.qa.test.testConcepts">
    <ignored/>
  </testcase> <!-- SeparateZerosFromNonZeros -->
  <testcase name="removeDuplicate" time="0.0" classname="com.qa.test.testConcepts">
    <ignored/>
  </testcase> <!-- removeDuplicate -->
  <testcase name="reverseString" time="0.0" classname="com.qa.test.testConcepts">
    <ignored/>
  </testcase> <!-- reverseString -->
  <testcase name="sumofPair" time="0.0" classname="com.qa.test.testConcepts">
    <ignored/>
  </testcase> <!-- sumofPair -->
  <testcase name="secondLargest" time="0.0" classname="com.qa.test.testConcepts">
    <ignored/>
  </testcase> <!-- secondLargest -->
</testsuite> <!-- Default test -->
