<?xml version="1.0" encoding="UTF-8"?>
<testng-results skipped="0" failed="0" ignored="6" total="7" passed="1">
  <reporter-output>
  </reporter-output>
  <suite name="Default suite" duration-ms="24" started-at="2018-03-05T07:12:18Z" finished-at="2018-03-05T07:12:18Z">
    <groups>
    </groups>
    <test name="Default test" duration-ms="24" started-at="2018-03-05T07:12:18Z" finished-at="2018-03-05T07:12:18Z">
      <class name="com.qa.test.testConcepts">
        <test-method status="PASS" signature="testPrint()[pri:0, instance:com.qa.test.testConcepts@56f4468b]" name="testPrint" duration-ms="7" started-at="2018-03-05T12:42:18Z" finished-at="2018-03-05T12:42:18Z">
          <reporter-output>
          </reporter-output>
        </test-method> <!-- testPrint -->
      </class> <!-- com.qa.test.testConcepts -->
    </test> <!-- Default test -->
  </suite> <!-- Default suite -->
</testng-results>
